#Timing report of worst 14 path(s)
# Unit scale: 1e-09 seconds
# Output precision: 3

#Path 1
Startpoint: i_54_.inpad[0] (.input clocked by virtual_io_clock)
Endpoint  : out:o_6_.outpad[0] (.output clocked by virtual_io_clock)
Path Type : setup

Point                                                             Incr      Path
--------------------------------------------------------------------------------
clock virtual_io_clock (rise edge)                               0.000     0.000
clock source latency                                             0.000     0.000
input external delay                                             0.000     0.000
i_54_.inpad[0] (.input)                                          0.000     0.000
[1939].in[3] (.names)                                            0.566     0.566
[1939].out[0] (.names)                                           0.235     0.801
[1945].in[4] (.names)                                            0.310     1.110
[1945].out[0] (.names)                                           0.235     1.345
[1947].in[4] (.names)                                            0.100     1.445
[1947].out[0] (.names)                                           0.235     1.680
o_6_.in[4] (.names)                                              0.428     2.109
o_6_.out[0] (.names)                                             0.235     2.344
out:o_6_.outpad[0] (.output)                                     0.541     2.884
data arrival time                                                          2.884

clock virtual_io_clock (rise edge)                               0.000     0.000
clock source latency                                             0.000     0.000
clock uncertainty                                                0.000     0.000
output external delay                                            0.000     0.000
data required time                                                         0.000
--------------------------------------------------------------------------------
data required time                                                         0.000
data arrival time                                                         -2.884
--------------------------------------------------------------------------------
slack (VIOLATED)                                                          -2.884


#Path 2
Startpoint: i_78_.inpad[0] (.input clocked by virtual_io_clock)
Endpoint  : out:o_14_.outpad[0] (.output clocked by virtual_io_clock)
Path Type : setup

Point                                                             Incr      Path
--------------------------------------------------------------------------------
clock virtual_io_clock (rise edge)                               0.000     0.000
clock source latency                                             0.000     0.000
input external delay                                             0.000     0.000
i_78_.inpad[0] (.input)                                          0.000     0.000
n_n246.in[0] (.names)                                            0.574     0.574
n_n246.out[0] (.names)                                           0.235     0.809
[1663].in[1] (.names)                                            0.448     1.257
[1663].out[0] (.names)                                           0.235     1.492
n_n630.in[5] (.names)                                            0.332     1.824
n_n630.out[0] (.names)                                           0.261     2.085
o_14_.in[0] (.names)                                             0.100     2.185
o_14_.out[0] (.names)                                            0.235     2.420
out:o_14_.outpad[0] (.output)                                    0.444     2.865
data arrival time                                                          2.865

clock virtual_io_clock (rise edge)                               0.000     0.000
clock source latency                                             0.000     0.000
clock uncertainty                                                0.000     0.000
output external delay                                            0.000     0.000
data required time                                                         0.000
--------------------------------------------------------------------------------
data required time                                                         0.000
data arrival time                                                         -2.865
--------------------------------------------------------------------------------
slack (VIOLATED)                                                          -2.865


#Path 3
Startpoint: i_45_.inpad[0] (.input clocked by virtual_io_clock)
Endpoint  : out:o_5_.outpad[0] (.output clocked by virtual_io_clock)
Path Type : setup

Point                                                             Incr      Path
--------------------------------------------------------------------------------
clock virtual_io_clock (rise edge)                               0.000     0.000
clock source latency                                             0.000     0.000
input external delay                                             0.000     0.000
i_45_.inpad[0] (.input)                                          0.000     0.000
[166].in[3] (.names)                                             0.541     0.541
[166].out[0] (.names)                                            0.235     0.776
n_n410.in[2] (.names)                                            0.424     1.199
n_n410.out[0] (.names)                                           0.261     1.460
n_n406.in[0] (.names)                                            0.270     1.731
n_n406.out[0] (.names)                                           0.261     1.992
o_5_.in[0] (.names)                                              0.100     2.092
o_5_.out[0] (.names)                                             0.235     2.327
out:o_5_.outpad[0] (.output)                                     0.329     2.655
data arrival time                                                          2.655

clock virtual_io_clock (rise edge)                               0.000     0.000
clock source latency                                             0.000     0.000
clock uncertainty                                                0.000     0.000
output external delay                                            0.000     0.000
data required time                                                         0.000
--------------------------------------------------------------------------------
data required time                                                         0.000
data arrival time                                                         -2.655
--------------------------------------------------------------------------------
slack (VIOLATED)                                                          -2.655


#Path 4
Startpoint: i_80_.inpad[0] (.input clocked by virtual_io_clock)
Endpoint  : out:o_8_.outpad[0] (.output clocked by virtual_io_clock)
Path Type : setup

Point                                                             Incr      Path
--------------------------------------------------------------------------------
clock virtual_io_clock (rise edge)                               0.000     0.000
clock source latency                                             0.000     0.000
input external delay                                             0.000     0.000
i_80_.inpad[0] (.input)                                          0.000     0.000
[73].in[2] (.names)                                              0.525     0.525
[73].out[0] (.names)                                             0.235     0.760
[230].in[4] (.names)                                             0.100     0.860
[230].out[0] (.names)                                            0.261     1.121
[1822].in[1] (.names)                                            0.404     1.526
[1822].out[0] (.names)                                           0.261     1.787
o_8_.in[3] (.names)                                              0.404     2.191
o_8_.out[0] (.names)                                             0.235     2.426
out:o_8_.outpad[0] (.output)                                     0.226     2.652
data arrival time                                                          2.652

clock virtual_io_clock (rise edge)                               0.000     0.000
clock source latency                                             0.000     0.000
clock uncertainty                                                0.000     0.000
output external delay                                            0.000     0.000
data required time                                                         0.000
--------------------------------------------------------------------------------
data required time                                                         0.000
data arrival time                                                         -2.652
--------------------------------------------------------------------------------
slack (VIOLATED)                                                          -2.652


#Path 5
Startpoint: i_45_.inpad[0] (.input clocked by virtual_io_clock)
Endpoint  : out:o_13_.outpad[0] (.output clocked by virtual_io_clock)
Path Type : setup

Point                                                             Incr      Path
--------------------------------------------------------------------------------
clock virtual_io_clock (rise edge)                               0.000     0.000
clock source latency                                             0.000     0.000
input external delay                                             0.000     0.000
i_45_.inpad[0] (.input)                                          0.000     0.000
[56].in[2] (.names)                                              0.591     0.591
[56].out[0] (.names)                                             0.235     0.826
[1714].in[0] (.names)                                            0.478     1.304
[1714].out[0] (.names)                                           0.261     1.565
[1720].in[5] (.names)                                            0.100     1.665
[1720].out[0] (.names)                                           0.261     1.926
o_13_.in[2] (.names)                                             0.100     2.026
o_13_.out[0] (.names)                                            0.261     2.287
out:o_13_.outpad[0] (.output)                                    0.325     2.612
data arrival time                                                          2.612

clock virtual_io_clock (rise edge)                               0.000     0.000
clock source latency                                             0.000     0.000
clock uncertainty                                                0.000     0.000
output external delay                                            0.000     0.000
data required time                                                         0.000
--------------------------------------------------------------------------------
data required time                                                         0.000
data arrival time                                                         -2.612
--------------------------------------------------------------------------------
slack (VIOLATED)                                                          -2.612


#Path 6
Startpoint: i_10_.inpad[0] (.input clocked by virtual_io_clock)
Endpoint  : out:o_2_.outpad[0] (.output clocked by virtual_io_clock)
Path Type : setup

Point                                                             Incr      Path
--------------------------------------------------------------------------------
clock virtual_io_clock (rise edge)                               0.000     0.000
clock source latency                                             0.000     0.000
input external delay                                             0.000     0.000
i_10_.inpad[0] (.input)                                          0.000     0.000
[338].in[2] (.names)                                             0.467     0.467
[338].out[0] (.names)                                            0.235     0.702
[1573].in[1] (.names)                                            0.402     1.104
[1573].out[0] (.names)                                           0.235     1.339
o_2_.in[3] (.names)                                              0.100     1.439
o_2_.out[0] (.names)                                             0.235     1.674
out:o_2_.outpad[0] (.output)                                     0.542     2.217
data arrival time                                                          2.217

clock virtual_io_clock (rise edge)                               0.000     0.000
clock source latency                                             0.000     0.000
clock uncertainty                                                0.000     0.000
output external delay                                            0.000     0.000
data required time                                                         0.000
--------------------------------------------------------------------------------
data required time                                                         0.000
data arrival time                                                         -2.217
--------------------------------------------------------------------------------
slack (VIOLATED)                                                          -2.217


#Path 7
Startpoint: i_50_.inpad[0] (.input clocked by virtual_io_clock)
Endpoint  : out:o_10_.outpad[0] (.output clocked by virtual_io_clock)
Path Type : setup

Point                                                             Incr      Path
--------------------------------------------------------------------------------
clock virtual_io_clock (rise edge)                               0.000     0.000
clock source latency                                             0.000     0.000
input external delay                                             0.000     0.000
i_50_.inpad[0] (.input)                                          0.000     0.000
[58].in[0] (.names)                                              0.464     0.464
[58].out[0] (.names)                                             0.235     0.699
[1764].in[0] (.names)                                            0.100     0.799
[1764].out[0] (.names)                                           0.235     1.034
o_10_.in[3] (.names)                                             0.100     1.134
o_10_.out[0] (.names)                                            0.235     1.369
out:o_10_.outpad[0] (.output)                                    0.446     1.815
data arrival time                                                          1.815

clock virtual_io_clock (rise edge)                               0.000     0.000
clock source latency                                             0.000     0.000
clock uncertainty                                                0.000     0.000
output external delay                                            0.000     0.000
data required time                                                         0.000
--------------------------------------------------------------------------------
data required time                                                         0.000
data arrival time                                                         -1.815
--------------------------------------------------------------------------------
slack (VIOLATED)                                                          -1.815


#Path 8
Startpoint: i_81_.inpad[0] (.input clocked by virtual_io_clock)
Endpoint  : out:o_9_.outpad[0] (.output clocked by virtual_io_clock)
Path Type : setup

Point                                                             Incr      Path
--------------------------------------------------------------------------------
clock virtual_io_clock (rise edge)                               0.000     0.000
clock source latency                                             0.000     0.000
input external delay                                             0.000     0.000
i_81_.inpad[0] (.input)                                          0.000     0.000
[237].in[1] (.names)                                             0.351     0.351
[237].out[0] (.names)                                            0.261     0.612
o_9_.in[1] (.names)                                              0.100     0.712
o_9_.out[0] (.names)                                             0.235     0.947
out:o_9_.outpad[0] (.output)                                     0.795     1.742
data arrival time                                                          1.742

clock virtual_io_clock (rise edge)                               0.000     0.000
clock source latency                                             0.000     0.000
clock uncertainty                                                0.000     0.000
output external delay                                            0.000     0.000
data required time                                                         0.000
--------------------------------------------------------------------------------
data required time                                                         0.000
data arrival time                                                         -1.742
--------------------------------------------------------------------------------
slack (VIOLATED)                                                          -1.742


#Path 9
Startpoint: i_0_.inpad[0] (.input clocked by virtual_io_clock)
Endpoint  : out:o_0_.outpad[0] (.output clocked by virtual_io_clock)
Path Type : setup

Point                                                             Incr      Path
--------------------------------------------------------------------------------
clock virtual_io_clock (rise edge)                               0.000     0.000
clock source latency                                             0.000     0.000
input external delay                                             0.000     0.000
i_0_.inpad[0] (.input)                                           0.000     0.000
[330].in[2] (.names)                                             0.306     0.306
[330].out[0] (.names)                                            0.235     0.541
o_0_.in[0] (.names)                                              0.412     0.952
o_0_.out[0] (.names)                                             0.235     1.187
out:o_0_.outpad[0] (.output)                                     0.516     1.704
data arrival time                                                          1.704

clock virtual_io_clock (rise edge)                               0.000     0.000
clock source latency                                             0.000     0.000
clock uncertainty                                                0.000     0.000
output external delay                                            0.000     0.000
data required time                                                         0.000
--------------------------------------------------------------------------------
data required time                                                         0.000
data arrival time                                                         -1.704
--------------------------------------------------------------------------------
slack (VIOLATED)                                                          -1.704


#Path 10
Startpoint: i_84_.inpad[0] (.input clocked by virtual_io_clock)
Endpoint  : out:o_4_.outpad[0] (.output clocked by virtual_io_clock)
Path Type : setup

Point                                                             Incr      Path
--------------------------------------------------------------------------------
clock virtual_io_clock (rise edge)                               0.000     0.000
clock source latency                                             0.000     0.000
input external delay                                             0.000     0.000
i_84_.inpad[0] (.input)                                          0.000     0.000
[37].in[1] (.names)                                              0.353     0.353
[37].out[0] (.names)                                             0.235     0.588
o_4_.in[1] (.names)                                              0.100     0.688
o_4_.out[0] (.names)                                             0.235     0.923
out:o_4_.outpad[0] (.output)                                     0.547     1.470
data arrival time                                                          1.470

clock virtual_io_clock (rise edge)                               0.000     0.000
clock source latency                                             0.000     0.000
clock uncertainty                                                0.000     0.000
output external delay                                            0.000     0.000
data required time                                                         0.000
--------------------------------------------------------------------------------
data required time                                                         0.000
data arrival time                                                         -1.470
--------------------------------------------------------------------------------
slack (VIOLATED)                                                          -1.470


#Path 11
Startpoint: i_83_.inpad[0] (.input clocked by virtual_io_clock)
Endpoint  : out:o_3_.outpad[0] (.output clocked by virtual_io_clock)
Path Type : setup

Point                                                             Incr      Path
--------------------------------------------------------------------------------
clock virtual_io_clock (rise edge)                               0.000     0.000
clock source latency                                             0.000     0.000
input external delay                                             0.000     0.000
i_83_.inpad[0] (.input)                                          0.000     0.000
[76].in[1] (.names)                                              0.354     0.354
[76].out[0] (.names)                                             0.235     0.589
o_3_.in[1] (.names)                                              0.100     0.689
o_3_.out[0] (.names)                                             0.235     0.924
out:o_3_.outpad[0] (.output)                                     0.471     1.395
data arrival time                                                          1.395

clock virtual_io_clock (rise edge)                               0.000     0.000
clock source latency                                             0.000     0.000
clock uncertainty                                                0.000     0.000
output external delay                                            0.000     0.000
data required time                                                         0.000
--------------------------------------------------------------------------------
data required time                                                         0.000
data arrival time                                                         -1.395
--------------------------------------------------------------------------------
slack (VIOLATED)                                                          -1.395


#Path 12
Startpoint: i_83_.inpad[0] (.input clocked by virtual_io_clock)
Endpoint  : out:o_11_.outpad[0] (.output clocked by virtual_io_clock)
Path Type : setup

Point                                                             Incr      Path
--------------------------------------------------------------------------------
clock virtual_io_clock (rise edge)                               0.000     0.000
clock source latency                                             0.000     0.000
input external delay                                             0.000     0.000
i_83_.inpad[0] (.input)                                          0.000     0.000
[319].in[1] (.names)                                             0.354     0.354
[319].out[0] (.names)                                            0.235     0.589
o_11_.in[1] (.names)                                             0.100     0.689
o_11_.out[0] (.names)                                            0.235     0.924
out:o_11_.outpad[0] (.output)                                    0.449     1.373
data arrival time                                                          1.373

clock virtual_io_clock (rise edge)                               0.000     0.000
clock source latency                                             0.000     0.000
clock uncertainty                                                0.000     0.000
output external delay                                            0.000     0.000
data required time                                                         0.000
--------------------------------------------------------------------------------
data required time                                                         0.000
data arrival time                                                         -1.373
--------------------------------------------------------------------------------
slack (VIOLATED)                                                          -1.373


#Path 13
Startpoint: i_81_.inpad[0] (.input clocked by virtual_io_clock)
Endpoint  : out:o_1_.outpad[0] (.output clocked by virtual_io_clock)
Path Type : setup

Point                                                             Incr      Path
--------------------------------------------------------------------------------
clock virtual_io_clock (rise edge)                               0.000     0.000
clock source latency                                             0.000     0.000
input external delay                                             0.000     0.000
i_81_.inpad[0] (.input)                                          0.000     0.000
[1545].in[0] (.names)                                            0.351     0.351
[1545].out[0] (.names)                                           0.235     0.586
o_1_.in[3] (.names)                                              0.100     0.686
o_1_.out[0] (.names)                                             0.235     0.921
out:o_1_.outpad[0] (.output)                                     0.421     1.342
data arrival time                                                          1.342

clock virtual_io_clock (rise edge)                               0.000     0.000
clock source latency                                             0.000     0.000
clock uncertainty                                                0.000     0.000
output external delay                                            0.000     0.000
data required time                                                         0.000
--------------------------------------------------------------------------------
data required time                                                         0.000
data arrival time                                                         -1.342
--------------------------------------------------------------------------------
slack (VIOLATED)                                                          -1.342


#Path 14
Startpoint: i_84_.inpad[0] (.input clocked by virtual_io_clock)
Endpoint  : out:o_12_.outpad[0] (.output clocked by virtual_io_clock)
Path Type : setup

Point                                                             Incr      Path
--------------------------------------------------------------------------------
clock virtual_io_clock (rise edge)                               0.000     0.000
clock source latency                                             0.000     0.000
input external delay                                             0.000     0.000
i_84_.inpad[0] (.input)                                          0.000     0.000
[325].in[1] (.names)                                             0.353     0.353
[325].out[0] (.names)                                            0.235     0.588
o_12_.in[1] (.names)                                             0.100     0.688
o_12_.out[0] (.names)                                            0.235     0.923
out:o_12_.outpad[0] (.output)                                    0.255     1.178
data arrival time                                                          1.178

clock virtual_io_clock (rise edge)                               0.000     0.000
clock source latency                                             0.000     0.000
clock uncertainty                                                0.000     0.000
output external delay                                            0.000     0.000
data required time                                                         0.000
--------------------------------------------------------------------------------
data required time                                                         0.000
data arrival time                                                         -1.178
--------------------------------------------------------------------------------
slack (VIOLATED)                                                          -1.178


#End of timing report
