#Packing pin usage report
Type: io
	Input Pin Usage:
		Max: 1.00 (0.50)
		Avg: 0.49 (0.24)
		Min: 0.00 (0.00)
		Histogram:
		[        0:      0.2) 38 ( 51.4%) |************************************************
		[      0.2:      0.4)  0 (  0.0%) |
		[      0.4:      0.6)  0 (  0.0%) |
		[      0.6:      0.8)  0 (  0.0%) |
		[      0.8:        1) 36 ( 48.6%) |*********************************************
		[        1:      1.2)  0 (  0.0%) |
		[      1.2:      1.4)  0 (  0.0%) |
		[      1.4:      1.6)  0 (  0.0%) |
		[      1.6:      1.8)  0 (  0.0%) |
		[      1.8:        2)  0 (  0.0%) |
	Output Pin Usage:
		Max: 1.00 (1.00)
		Avg: 0.51 (0.51)
		Min: 0.00 (0.00)
		Histogram:
		[        0:      0.1) 36 ( 48.6%) |*********************************************
		[      0.1:      0.2)  0 (  0.0%) |
		[      0.2:      0.3)  0 (  0.0%) |
		[      0.3:      0.4)  0 (  0.0%) |
		[      0.4:      0.5)  0 (  0.0%) |
		[      0.5:      0.6)  0 (  0.0%) |
		[      0.6:      0.7)  0 (  0.0%) |
		[      0.7:      0.8)  0 (  0.0%) |
		[      0.8:      0.9)  0 (  0.0%) |
		[      0.9:        1) 38 ( 51.4%) |************************************************

Type: clb
	Input Pin Usage:
		Max: 33.00 (0.80)
		Avg: 20.42 (0.50)
		Min: 6.00 (0.15)
		Histogram:
		[        0:      4.1)  0 (  0.0%) |
		[      4.1:      8.2)  2 (  1.3%) |**
		[      8.2:       12)  2 (  1.3%) |**
		[       12:       16) 27 ( 18.1%) |**************************
		[       16:       20) 50 ( 33.6%) |************************************************
		[       20:       25) 30 ( 20.1%) |*****************************
		[       25:       29) 26 ( 17.4%) |*************************
		[       29:       33)  9 (  6.0%) |*********
		[       33:       37)  3 (  2.0%) |***
		[       37:       41)  0 (  0.0%) |
	Output Pin Usage:
		Max: 13.00 (0.65)
		Avg: 6.95 (0.35)
		Min: 1.00 (0.05)
		Histogram:
		[        0:        2)  4 (  2.7%) |*****
		[        2:        4) 41 ( 27.5%) |************************************************
		[        4:        6) 15 ( 10.1%) |******************
		[        6:        8) 33 ( 22.1%) |***************************************
		[        8:       10) 38 ( 25.5%) |********************************************
		[       10:       12) 17 ( 11.4%) |********************
		[       12:       14)  1 (  0.7%) |*
		[       14:       16)  0 (  0.0%) |
		[       16:       18)  0 (  0.0%) |
		[       18:       20)  0 (  0.0%) |

