#Timing report of worst 14 path(s)
# Unit scale: 1e-09 seconds
# Output precision: 3

#Path 1
Startpoint: i_40_.inpad[0] (.input clocked by virtual_io_clock)
Endpoint  : out:o_8_.outpad[0] (.output clocked by virtual_io_clock)
Path Type : setup

Point                                                             Incr      Path
--------------------------------------------------------------------------------
clock virtual_io_clock (rise edge)                               0.000     0.000
clock source latency                                             0.000     0.000
input external delay                                             0.000     0.000
i_40_.inpad[0] (.input)                                          0.000     0.000
[109].in[0] (.names)                                             0.528     0.528
[109].out[0] (.names)                                            0.235     0.763
[1804].in[0] (.names)                                            0.431     1.194
[1804].out[0] (.names)                                           0.235     1.429
[1822].in[4] (.names)                                            0.311     1.740
[1822].out[0] (.names)                                           0.261     2.001
o_8_.in[3] (.names)                                              0.382     2.383
o_8_.out[0] (.names)                                             0.235     2.618
out:o_8_.outpad[0] (.output)                                     0.454     3.072
data arrival time                                                          3.072

clock virtual_io_clock (rise edge)                               0.000     0.000
clock source latency                                             0.000     0.000
clock uncertainty                                                0.000     0.000
output external delay                                            0.000     0.000
data required time                                                         0.000
--------------------------------------------------------------------------------
data required time                                                         0.000
data arrival time                                                         -3.072
--------------------------------------------------------------------------------
slack (VIOLATED)                                                          -3.072


#Path 2
Startpoint: i_86_.inpad[0] (.input clocked by virtual_io_clock)
Endpoint  : out:o_14_.outpad[0] (.output clocked by virtual_io_clock)
Path Type : setup

Point                                                             Incr      Path
--------------------------------------------------------------------------------
clock virtual_io_clock (rise edge)                               0.000     0.000
clock source latency                                             0.000     0.000
input external delay                                             0.000     0.000
i_86_.inpad[0] (.input)                                          0.000     0.000
[295].in[0] (.names)                                             0.545     0.545
[295].out[0] (.names)                                            0.235     0.780
[1663].in[3] (.names)                                            0.426     1.206
[1663].out[0] (.names)                                           0.235     1.441
n_n630.in[5] (.names)                                            0.409     1.849
n_n630.out[0] (.names)                                           0.261     2.110
o_14_.in[0] (.names)                                             0.100     2.210
o_14_.out[0] (.names)                                            0.235     2.445
out:o_14_.outpad[0] (.output)                                    0.611     3.057
data arrival time                                                          3.057

clock virtual_io_clock (rise edge)                               0.000     0.000
clock source latency                                             0.000     0.000
clock uncertainty                                                0.000     0.000
output external delay                                            0.000     0.000
data required time                                                         0.000
--------------------------------------------------------------------------------
data required time                                                         0.000
data arrival time                                                         -3.057
--------------------------------------------------------------------------------
slack (VIOLATED)                                                          -3.057


#Path 3
Startpoint: i_93_.inpad[0] (.input clocked by virtual_io_clock)
Endpoint  : out:o_5_.outpad[0] (.output clocked by virtual_io_clock)
Path Type : setup

Point                                                             Incr      Path
--------------------------------------------------------------------------------
clock virtual_io_clock (rise edge)                               0.000     0.000
clock source latency                                             0.000     0.000
input external delay                                             0.000     0.000
i_93_.inpad[0] (.input)                                          0.000     0.000
[53].in[2] (.names)                                              0.752     0.752
[53].out[0] (.names)                                             0.235     0.987
[1857].in[1] (.names)                                            0.287     1.275
[1857].out[0] (.names)                                           0.261     1.536
n_n406.in[4] (.names)                                            0.287     1.823
n_n406.out[0] (.names)                                           0.261     2.084
o_5_.in[0] (.names)                                              0.100     2.184
o_5_.out[0] (.names)                                             0.235     2.419
out:o_5_.outpad[0] (.output)                                     0.560     2.979
data arrival time                                                          2.979

clock virtual_io_clock (rise edge)                               0.000     0.000
clock source latency                                             0.000     0.000
clock uncertainty                                                0.000     0.000
output external delay                                            0.000     0.000
data required time                                                         0.000
--------------------------------------------------------------------------------
data required time                                                         0.000
data arrival time                                                         -2.979
--------------------------------------------------------------------------------
slack (VIOLATED)                                                          -2.979


#Path 4
Startpoint: i_13_.inpad[0] (.input clocked by virtual_io_clock)
Endpoint  : out:o_13_.outpad[0] (.output clocked by virtual_io_clock)
Path Type : setup

Point                                                             Incr      Path
--------------------------------------------------------------------------------
clock virtual_io_clock (rise edge)                               0.000     0.000
clock source latency                                             0.000     0.000
input external delay                                             0.000     0.000
i_13_.inpad[0] (.input)                                          0.000     0.000
[1703].in[0] (.names)                                            0.708     0.708
[1703].out[0] (.names)                                           0.235     0.943
[1713].in[5] (.names)                                            0.100     1.043
[1713].out[0] (.names)                                           0.261     1.304
[1720].in[4] (.names)                                            0.453     1.756
[1720].out[0] (.names)                                           0.261     2.017
o_13_.in[2] (.names)                                             0.100     2.117
o_13_.out[0] (.names)                                            0.261     2.378
out:o_13_.outpad[0] (.output)                                    0.568     2.947
data arrival time                                                          2.947

clock virtual_io_clock (rise edge)                               0.000     0.000
clock source latency                                             0.000     0.000
clock uncertainty                                                0.000     0.000
output external delay                                            0.000     0.000
data required time                                                         0.000
--------------------------------------------------------------------------------
data required time                                                         0.000
data arrival time                                                         -2.947
--------------------------------------------------------------------------------
slack (VIOLATED)                                                          -2.947


#Path 5
Startpoint: i_118_.inpad[0] (.input clocked by virtual_io_clock)
Endpoint  : out:o_6_.outpad[0] (.output clocked by virtual_io_clock)
Path Type : setup

Point                                                             Incr      Path
--------------------------------------------------------------------------------
clock virtual_io_clock (rise edge)                               0.000     0.000
clock source latency                                             0.000     0.000
input external delay                                             0.000     0.000
i_118_.inpad[0] (.input)                                         0.000     0.000
[1934].in[0] (.names)                                            0.667     0.667
[1934].out[0] (.names)                                           0.235     0.902
[1945].in[3] (.names)                                            0.290     1.192
[1945].out[0] (.names)                                           0.235     1.427
[1947].in[4] (.names)                                            0.100     1.527
[1947].out[0] (.names)                                           0.235     1.762
o_6_.in[4] (.names)                                              0.289     2.051
o_6_.out[0] (.names)                                             0.235     2.286
out:o_6_.outpad[0] (.output)                                     0.568     2.854
data arrival time                                                          2.854

clock virtual_io_clock (rise edge)                               0.000     0.000
clock source latency                                             0.000     0.000
clock uncertainty                                                0.000     0.000
output external delay                                            0.000     0.000
data required time                                                         0.000
--------------------------------------------------------------------------------
data required time                                                         0.000
data arrival time                                                         -2.854
--------------------------------------------------------------------------------
slack (VIOLATED)                                                          -2.854


#Path 6
Startpoint: i_40_.inpad[0] (.input clocked by virtual_io_clock)
Endpoint  : out:o_0_.outpad[0] (.output clocked by virtual_io_clock)
Path Type : setup

Point                                                             Incr      Path
--------------------------------------------------------------------------------
clock virtual_io_clock (rise edge)                               0.000     0.000
clock source latency                                             0.000     0.000
input external delay                                             0.000     0.000
i_40_.inpad[0] (.input)                                          0.000     0.000
[330].in[0] (.names)                                             0.528     0.528
[330].out[0] (.names)                                            0.235     0.763
o_0_.in[0] (.names)                                              0.407     1.170
o_0_.out[0] (.names)                                             0.235     1.405
out:o_0_.outpad[0] (.output)                                     0.796     2.201
data arrival time                                                          2.201

clock virtual_io_clock (rise edge)                               0.000     0.000
clock source latency                                             0.000     0.000
clock uncertainty                                                0.000     0.000
output external delay                                            0.000     0.000
data required time                                                         0.000
--------------------------------------------------------------------------------
data required time                                                         0.000
data arrival time                                                         -2.201
--------------------------------------------------------------------------------
slack (VIOLATED)                                                          -2.201


#Path 7
Startpoint: i_18_.inpad[0] (.input clocked by virtual_io_clock)
Endpoint  : out:o_2_.outpad[0] (.output clocked by virtual_io_clock)
Path Type : setup

Point                                                             Incr      Path
--------------------------------------------------------------------------------
clock virtual_io_clock (rise edge)                               0.000     0.000
clock source latency                                             0.000     0.000
input external delay                                             0.000     0.000
i_18_.inpad[0] (.input)                                          0.000     0.000
[338].in[3] (.names)                                             0.466     0.466
[338].out[0] (.names)                                            0.235     0.701
[1573].in[1] (.names)                                            0.381     1.082
[1573].out[0] (.names)                                           0.235     1.317
o_2_.in[3] (.names)                                              0.100     1.417
o_2_.out[0] (.names)                                             0.235     1.652
out:o_2_.outpad[0] (.output)                                     0.541     2.193
data arrival time                                                          2.193

clock virtual_io_clock (rise edge)                               0.000     0.000
clock source latency                                             0.000     0.000
clock uncertainty                                                0.000     0.000
output external delay                                            0.000     0.000
data required time                                                         0.000
--------------------------------------------------------------------------------
data required time                                                         0.000
data arrival time                                                         -2.193
--------------------------------------------------------------------------------
slack (VIOLATED)                                                          -2.193


#Path 8
Startpoint: i_74_.inpad[0] (.input clocked by virtual_io_clock)
Endpoint  : out:o_10_.outpad[0] (.output clocked by virtual_io_clock)
Path Type : setup

Point                                                             Incr      Path
--------------------------------------------------------------------------------
clock virtual_io_clock (rise edge)                               0.000     0.000
clock source latency                                             0.000     0.000
input external delay                                             0.000     0.000
i_74_.inpad[0] (.input)                                          0.000     0.000
[58].in[1] (.names)                                              0.424     0.424
[58].out[0] (.names)                                             0.235     0.659
[1764].in[0] (.names)                                            0.100     0.759
[1764].out[0] (.names)                                           0.235     0.994
o_10_.in[3] (.names)                                             0.100     1.094
o_10_.out[0] (.names)                                            0.235     1.329
out:o_10_.outpad[0] (.output)                                    0.425     1.754
data arrival time                                                          1.754

clock virtual_io_clock (rise edge)                               0.000     0.000
clock source latency                                             0.000     0.000
clock uncertainty                                                0.000     0.000
output external delay                                            0.000     0.000
data required time                                                         0.000
--------------------------------------------------------------------------------
data required time                                                         0.000
data arrival time                                                         -1.754
--------------------------------------------------------------------------------
slack (VIOLATED)                                                          -1.754


#Path 9
Startpoint: i_11_.inpad[0] (.input clocked by virtual_io_clock)
Endpoint  : out:o_3_.outpad[0] (.output clocked by virtual_io_clock)
Path Type : setup

Point                                                             Incr      Path
--------------------------------------------------------------------------------
clock virtual_io_clock (rise edge)                               0.000     0.000
clock source latency                                             0.000     0.000
input external delay                                             0.000     0.000
i_11_.inpad[0] (.input)                                          0.000     0.000
[75].in[1] (.names)                                              0.499     0.499
[75].out[0] (.names)                                             0.235     0.734
o_3_.in[0] (.names)                                              0.100     0.834
o_3_.out[0] (.names)                                             0.235     1.069
out:o_3_.outpad[0] (.output)                                     0.635     1.704
data arrival time                                                          1.704

clock virtual_io_clock (rise edge)                               0.000     0.000
clock source latency                                             0.000     0.000
clock uncertainty                                                0.000     0.000
output external delay                                            0.000     0.000
data required time                                                         0.000
--------------------------------------------------------------------------------
data required time                                                         0.000
data arrival time                                                         -1.704
--------------------------------------------------------------------------------
slack (VIOLATED)                                                          -1.704


#Path 10
Startpoint: i_73_.inpad[0] (.input clocked by virtual_io_clock)
Endpoint  : out:o_9_.outpad[0] (.output clocked by virtual_io_clock)
Path Type : setup

Point                                                             Incr      Path
--------------------------------------------------------------------------------
clock virtual_io_clock (rise edge)                               0.000     0.000
clock source latency                                             0.000     0.000
input external delay                                             0.000     0.000
i_73_.inpad[0] (.input)                                          0.000     0.000
[237].in[0] (.names)                                             0.355     0.355
[237].out[0] (.names)                                            0.261     0.616
o_9_.in[1] (.names)                                              0.100     0.716
o_9_.out[0] (.names)                                             0.235     0.951
out:o_9_.outpad[0] (.output)                                     0.473     1.424
data arrival time                                                          1.424

clock virtual_io_clock (rise edge)                               0.000     0.000
clock source latency                                             0.000     0.000
clock uncertainty                                                0.000     0.000
output external delay                                            0.000     0.000
data required time                                                         0.000
--------------------------------------------------------------------------------
data required time                                                         0.000
data arrival time                                                         -1.424
--------------------------------------------------------------------------------
slack (VIOLATED)                                                          -1.424


#Path 11
Startpoint: i_11_.inpad[0] (.input clocked by virtual_io_clock)
Endpoint  : out:o_11_.outpad[0] (.output clocked by virtual_io_clock)
Path Type : setup

Point                                                             Incr      Path
--------------------------------------------------------------------------------
clock virtual_io_clock (rise edge)                               0.000     0.000
clock source latency                                             0.000     0.000
input external delay                                             0.000     0.000
i_11_.inpad[0] (.input)                                          0.000     0.000
[318].in[1] (.names)                                             0.499     0.499
[318].out[0] (.names)                                            0.235     0.734
o_11_.in[0] (.names)                                             0.100     0.834
o_11_.out[0] (.names)                                            0.235     1.069
out:o_11_.outpad[0] (.output)                                    0.350     1.419
data arrival time                                                          1.419

clock virtual_io_clock (rise edge)                               0.000     0.000
clock source latency                                             0.000     0.000
clock uncertainty                                                0.000     0.000
output external delay                                            0.000     0.000
data required time                                                         0.000
--------------------------------------------------------------------------------
data required time                                                         0.000
data arrival time                                                         -1.419
--------------------------------------------------------------------------------
slack (VIOLATED)                                                          -1.419


#Path 12
Startpoint: i_73_.inpad[0] (.input clocked by virtual_io_clock)
Endpoint  : out:o_1_.outpad[0] (.output clocked by virtual_io_clock)
Path Type : setup

Point                                                             Incr      Path
--------------------------------------------------------------------------------
clock virtual_io_clock (rise edge)                               0.000     0.000
clock source latency                                             0.000     0.000
input external delay                                             0.000     0.000
i_73_.inpad[0] (.input)                                          0.000     0.000
[98].in[0] (.names)                                              0.355     0.355
[98].out[0] (.names)                                             0.235     0.590
o_1_.in[0] (.names)                                              0.100     0.690
o_1_.out[0] (.names)                                             0.235     0.925
out:o_1_.outpad[0] (.output)                                     0.473     1.398
data arrival time                                                          1.398

clock virtual_io_clock (rise edge)                               0.000     0.000
clock source latency                                             0.000     0.000
clock uncertainty                                                0.000     0.000
output external delay                                            0.000     0.000
data required time                                                         0.000
--------------------------------------------------------------------------------
data required time                                                         0.000
data arrival time                                                         -1.398
--------------------------------------------------------------------------------
slack (VIOLATED)                                                          -1.398


#Path 13
Startpoint: i_4_.inpad[0] (.input clocked by virtual_io_clock)
Endpoint  : out:o_4_.outpad[0] (.output clocked by virtual_io_clock)
Path Type : setup

Point                                                             Incr      Path
--------------------------------------------------------------------------------
clock virtual_io_clock (rise edge)                               0.000     0.000
clock source latency                                             0.000     0.000
input external delay                                             0.000     0.000
i_4_.inpad[0] (.input)                                           0.000     0.000
[37].in[2] (.names)                                              0.353     0.353
[37].out[0] (.names)                                             0.235     0.588
o_4_.in[1] (.names)                                              0.100     0.688
o_4_.out[0] (.names)                                             0.235     0.923
out:o_4_.outpad[0] (.output)                                     0.266     1.190
data arrival time                                                          1.190

clock virtual_io_clock (rise edge)                               0.000     0.000
clock source latency                                             0.000     0.000
clock uncertainty                                                0.000     0.000
output external delay                                            0.000     0.000
data required time                                                         0.000
--------------------------------------------------------------------------------
data required time                                                         0.000
data arrival time                                                         -1.190
--------------------------------------------------------------------------------
slack (VIOLATED)                                                          -1.190


#Path 14
Startpoint: i_4_.inpad[0] (.input clocked by virtual_io_clock)
Endpoint  : out:o_12_.outpad[0] (.output clocked by virtual_io_clock)
Path Type : setup

Point                                                             Incr      Path
--------------------------------------------------------------------------------
clock virtual_io_clock (rise edge)                               0.000     0.000
clock source latency                                             0.000     0.000
input external delay                                             0.000     0.000
i_4_.inpad[0] (.input)                                           0.000     0.000
[325].in[2] (.names)                                             0.353     0.353
[325].out[0] (.names)                                            0.235     0.588
o_12_.in[1] (.names)                                             0.100     0.688
o_12_.out[0] (.names)                                            0.235     0.923
out:o_12_.outpad[0] (.output)                                    0.266     1.189
data arrival time                                                          1.189

clock virtual_io_clock (rise edge)                               0.000     0.000
clock source latency                                             0.000     0.000
clock uncertainty                                                0.000     0.000
output external delay                                            0.000     0.000
data required time                                                         0.000
--------------------------------------------------------------------------------
data required time                                                         0.000
data arrival time                                                         -1.189
--------------------------------------------------------------------------------
slack (VIOLATED)                                                          -1.189


#End of timing report
