#Timing report of worst 14 path(s)
# Unit scale: 1e-09 seconds
# Output precision: 3

#Path 1
Startpoint: i_52_.inpad[0] (.input clocked by virtual_io_clock)
Endpoint  : out:o_12_.outpad[0] (.output clocked by virtual_io_clock)
Path Type : hold

Point                                                             Incr      Path
--------------------------------------------------------------------------------
clock virtual_io_clock (rise edge)                               0.000     0.000
clock source latency                                             0.000     0.000
input external delay                                             0.000     0.000
i_52_.inpad[0] (.input)                                          0.000     0.000
[324].in[3] (.names)                                             0.150     0.150
[324].out[0] (.names)                                            0.235     0.385
o_12_.in[0] (.names)                                             0.000     0.385
o_12_.out[0] (.names)                                            0.235     0.620
out:o_12_.outpad[0] (.output)                                    0.227     0.846
data arrival time                                                          0.846

clock virtual_io_clock (rise edge)                               0.000     0.000
clock source latency                                             0.000     0.000
clock uncertainty                                                0.000     0.000
output external delay                                            0.000     0.000
data required time                                                         0.000
--------------------------------------------------------------------------------
data required time                                                        -0.000
data arrival time                                                          0.846
--------------------------------------------------------------------------------
slack (MET)                                                                0.846


#Path 2
Startpoint: i_52_.inpad[0] (.input clocked by virtual_io_clock)
Endpoint  : out:o_4_.outpad[0] (.output clocked by virtual_io_clock)
Path Type : hold

Point                                                             Incr      Path
--------------------------------------------------------------------------------
clock virtual_io_clock (rise edge)                               0.000     0.000
clock source latency                                             0.000     0.000
input external delay                                             0.000     0.000
i_52_.inpad[0] (.input)                                          0.000     0.000
[29].in[3] (.names)                                              0.150     0.150
[29].out[0] (.names)                                             0.235     0.385
o_4_.in[0] (.names)                                              0.000     0.385
o_4_.out[0] (.names)                                             0.235     0.620
out:o_4_.outpad[0] (.output)                                     0.227     0.847
data arrival time                                                          0.847

clock virtual_io_clock (rise edge)                               0.000     0.000
clock source latency                                             0.000     0.000
clock uncertainty                                                0.000     0.000
output external delay                                            0.000     0.000
data required time                                                         0.000
--------------------------------------------------------------------------------
data required time                                                        -0.000
data arrival time                                                          0.847
--------------------------------------------------------------------------------
slack (MET)                                                                0.847


#Path 3
Startpoint: i_82_.inpad[0] (.input clocked by virtual_io_clock)
Endpoint  : out:o_10_.outpad[0] (.output clocked by virtual_io_clock)
Path Type : hold

Point                                                             Incr      Path
--------------------------------------------------------------------------------
clock virtual_io_clock (rise edge)                               0.000     0.000
clock source latency                                             0.000     0.000
input external delay                                             0.000     0.000
i_82_.inpad[0] (.input)                                          0.000     0.000
[244].in[0] (.names)                                             0.166     0.166
[244].out[0] (.names)                                            0.235     0.401
o_10_.in[1] (.names)                                             0.000     0.401
o_10_.out[0] (.names)                                            0.235     0.636
out:o_10_.outpad[0] (.output)                                    0.386     1.022
data arrival time                                                          1.022

clock virtual_io_clock (rise edge)                               0.000     0.000
clock source latency                                             0.000     0.000
clock uncertainty                                                0.000     0.000
output external delay                                            0.000     0.000
data required time                                                         0.000
--------------------------------------------------------------------------------
data required time                                                        -0.000
data arrival time                                                          1.022
--------------------------------------------------------------------------------
slack (MET)                                                                1.022


#Path 4
Startpoint: i_83_.inpad[0] (.input clocked by virtual_io_clock)
Endpoint  : out:o_11_.outpad[0] (.output clocked by virtual_io_clock)
Path Type : hold

Point                                                             Incr      Path
--------------------------------------------------------------------------------
clock virtual_io_clock (rise edge)                               0.000     0.000
clock source latency                                             0.000     0.000
input external delay                                             0.000     0.000
i_83_.inpad[0] (.input)                                          0.000     0.000
[319].in[1] (.names)                                             0.280     0.280
[319].out[0] (.names)                                            0.235     0.515
o_11_.in[1] (.names)                                             0.000     0.515
o_11_.out[0] (.names)                                            0.235     0.750
out:o_11_.outpad[0] (.output)                                    0.311     1.062
data arrival time                                                          1.062

clock virtual_io_clock (rise edge)                               0.000     0.000
clock source latency                                             0.000     0.000
clock uncertainty                                                0.000     0.000
output external delay                                            0.000     0.000
data required time                                                         0.000
--------------------------------------------------------------------------------
data required time                                                        -0.000
data arrival time                                                          1.062
--------------------------------------------------------------------------------
slack (MET)                                                                1.062


#Path 5
Startpoint: i_81_.inpad[0] (.input clocked by virtual_io_clock)
Endpoint  : out:o_1_.outpad[0] (.output clocked by virtual_io_clock)
Path Type : hold

Point                                                             Incr      Path
--------------------------------------------------------------------------------
clock virtual_io_clock (rise edge)                               0.000     0.000
clock source latency                                             0.000     0.000
input external delay                                             0.000     0.000
i_81_.inpad[0] (.input)                                          0.000     0.000
[1545].in[0] (.names)                                            0.189     0.189
[1545].out[0] (.names)                                           0.235     0.424
o_1_.in[3] (.names)                                              0.000     0.424
o_1_.out[0] (.names)                                             0.235     0.659
out:o_1_.outpad[0] (.output)                                     0.434     1.092
data arrival time                                                          1.092

clock virtual_io_clock (rise edge)                               0.000     0.000
clock source latency                                             0.000     0.000
clock uncertainty                                                0.000     0.000
output external delay                                            0.000     0.000
data required time                                                         0.000
--------------------------------------------------------------------------------
data required time                                                        -0.000
data arrival time                                                          1.092
--------------------------------------------------------------------------------
slack (MET)                                                                1.092


#Path 6
Startpoint: i_81_.inpad[0] (.input clocked by virtual_io_clock)
Endpoint  : out:o_9_.outpad[0] (.output clocked by virtual_io_clock)
Path Type : hold

Point                                                             Incr      Path
--------------------------------------------------------------------------------
clock virtual_io_clock (rise edge)                               0.000     0.000
clock source latency                                             0.000     0.000
input external delay                                             0.000     0.000
i_81_.inpad[0] (.input)                                          0.000     0.000
[238].in[0] (.names)                                             0.189     0.189
[238].out[0] (.names)                                            0.235     0.424
o_9_.in[2] (.names)                                              0.000     0.424
o_9_.out[0] (.names)                                             0.235     0.659
out:o_9_.outpad[0] (.output)                                     0.434     1.093
data arrival time                                                          1.093

clock virtual_io_clock (rise edge)                               0.000     0.000
clock source latency                                             0.000     0.000
clock uncertainty                                                0.000     0.000
output external delay                                            0.000     0.000
data required time                                                         0.000
--------------------------------------------------------------------------------
data required time                                                        -0.000
data arrival time                                                          1.093
--------------------------------------------------------------------------------
slack (MET)                                                                1.093


#Path 7
Startpoint: i_82_.inpad[0] (.input clocked by virtual_io_clock)
Endpoint  : out:o_2_.outpad[0] (.output clocked by virtual_io_clock)
Path Type : hold

Point                                                             Incr      Path
--------------------------------------------------------------------------------
clock virtual_io_clock (rise edge)                               0.000     0.000
clock source latency                                             0.000     0.000
input external delay                                             0.000     0.000
i_82_.inpad[0] (.input)                                          0.000     0.000
[337].in[0] (.names)                                             0.166     0.166
[337].out[0] (.names)                                            0.235     0.401
o_2_.in[1] (.names)                                              0.000     0.401
o_2_.out[0] (.names)                                             0.235     0.636
out:o_2_.outpad[0] (.output)                                     0.502     1.138
data arrival time                                                          1.138

clock virtual_io_clock (rise edge)                               0.000     0.000
clock source latency                                             0.000     0.000
clock uncertainty                                                0.000     0.000
output external delay                                            0.000     0.000
data required time                                                         0.000
--------------------------------------------------------------------------------
data required time                                                        -0.000
data arrival time                                                          1.138
--------------------------------------------------------------------------------
slack (MET)                                                                1.138


#Path 8
Startpoint: i_96_.inpad[0] (.input clocked by virtual_io_clock)
Endpoint  : out:o_8_.outpad[0] (.output clocked by virtual_io_clock)
Path Type : hold

Point                                                             Incr      Path
--------------------------------------------------------------------------------
clock virtual_io_clock (rise edge)                               0.000     0.000
clock source latency                                             0.000     0.000
input external delay                                             0.000     0.000
i_96_.inpad[0] (.input)                                          0.000     0.000
[1813].in[0] (.names)                                            0.193     0.193
[1813].out[0] (.names)                                           0.235     0.428
o_8_.in[2] (.names)                                              0.189     0.616
o_8_.out[0] (.names)                                             0.235     0.851
out:o_8_.outpad[0] (.output)                                     0.415     1.267
data arrival time                                                          1.267

clock virtual_io_clock (rise edge)                               0.000     0.000
clock source latency                                             0.000     0.000
clock uncertainty                                                0.000     0.000
output external delay                                            0.000     0.000
data required time                                                         0.000
--------------------------------------------------------------------------------
data required time                                                        -0.000
data arrival time                                                          1.267
--------------------------------------------------------------------------------
slack (MET)                                                                1.267


#Path 9
Startpoint: i_102_.inpad[0] (.input clocked by virtual_io_clock)
Endpoint  : out:o_6_.outpad[0] (.output clocked by virtual_io_clock)
Path Type : hold

Point                                                             Incr      Path
--------------------------------------------------------------------------------
clock virtual_io_clock (rise edge)                               0.000     0.000
clock source latency                                             0.000     0.000
input external delay                                             0.000     0.000
i_102_.inpad[0] (.input)                                         0.000     0.000
[1924].in[1] (.names)                                            0.286     0.286
[1924].out[0] (.names)                                           0.261     0.547
o_6_.in[3] (.names)                                              0.000     0.547
o_6_.out[0] (.names)                                             0.235     0.782
out:o_6_.outpad[0] (.output)                                     0.529     1.311
data arrival time                                                          1.311

clock virtual_io_clock (rise edge)                               0.000     0.000
clock source latency                                             0.000     0.000
clock uncertainty                                                0.000     0.000
output external delay                                            0.000     0.000
data required time                                                         0.000
--------------------------------------------------------------------------------
data required time                                                        -0.000
data arrival time                                                          1.311
--------------------------------------------------------------------------------
slack (MET)                                                                1.311


#Path 10
Startpoint: i_83_.inpad[0] (.input clocked by virtual_io_clock)
Endpoint  : out:o_3_.outpad[0] (.output clocked by virtual_io_clock)
Path Type : hold

Point                                                             Incr      Path
--------------------------------------------------------------------------------
clock virtual_io_clock (rise edge)                               0.000     0.000
clock source latency                                             0.000     0.000
input external delay                                             0.000     0.000
i_83_.inpad[0] (.input)                                          0.000     0.000
[76].in[1] (.names)                                              0.280     0.280
[76].out[0] (.names)                                             0.235     0.515
o_3_.in[1] (.names)                                              0.000     0.515
o_3_.out[0] (.names)                                             0.235     0.750
out:o_3_.outpad[0] (.output)                                     0.596     1.347
data arrival time                                                          1.347

clock virtual_io_clock (rise edge)                               0.000     0.000
clock source latency                                             0.000     0.000
clock uncertainty                                                0.000     0.000
output external delay                                            0.000     0.000
data required time                                                         0.000
--------------------------------------------------------------------------------
data required time                                                        -0.000
data arrival time                                                          1.347
--------------------------------------------------------------------------------
slack (MET)                                                                1.347


#Path 11
Startpoint: i_64_.inpad[0] (.input clocked by virtual_io_clock)
Endpoint  : out:o_0_.outpad[0] (.output clocked by virtual_io_clock)
Path Type : hold

Point                                                             Incr      Path
--------------------------------------------------------------------------------
clock virtual_io_clock (rise edge)                               0.000     0.000
clock source latency                                             0.000     0.000
input external delay                                             0.000     0.000
i_64_.inpad[0] (.input)                                          0.000     0.000
[331].in[0] (.names)                                             0.214     0.214
[331].out[0] (.names)                                            0.235     0.449
o_0_.in[1] (.names)                                              0.000     0.449
o_0_.out[0] (.names)                                             0.235     0.684
out:o_0_.outpad[0] (.output)                                     0.757     1.441
data arrival time                                                          1.441

clock virtual_io_clock (rise edge)                               0.000     0.000
clock source latency                                             0.000     0.000
clock uncertainty                                                0.000     0.000
output external delay                                            0.000     0.000
data required time                                                         0.000
--------------------------------------------------------------------------------
data required time                                                        -0.000
data arrival time                                                          1.441
--------------------------------------------------------------------------------
slack (MET)                                                                1.441


#Path 12
Startpoint: i_53_.inpad[0] (.input clocked by virtual_io_clock)
Endpoint  : out:o_13_.outpad[0] (.output clocked by virtual_io_clock)
Path Type : hold

Point                                                             Incr      Path
--------------------------------------------------------------------------------
clock virtual_io_clock (rise edge)                               0.000     0.000
clock source latency                                             0.000     0.000
input external delay                                             0.000     0.000
i_53_.inpad[0] (.input)                                          0.000     0.000
[264].in[2] (.names)                                             0.191     0.191
[264].out[0] (.names)                                            0.261     0.452
o_13_.in[0] (.names)                                             0.217     0.668
o_13_.out[0] (.names)                                            0.261     0.929
out:o_13_.outpad[0] (.output)                                    0.529     1.459
data arrival time                                                          1.459

clock virtual_io_clock (rise edge)                               0.000     0.000
clock source latency                                             0.000     0.000
clock uncertainty                                                0.000     0.000
output external delay                                            0.000     0.000
data required time                                                         0.000
--------------------------------------------------------------------------------
data required time                                                        -0.000
data arrival time                                                          1.459
--------------------------------------------------------------------------------
slack (MET)                                                                1.459


#Path 13
Startpoint: i_62_.inpad[0] (.input clocked by virtual_io_clock)
Endpoint  : out:o_14_.outpad[0] (.output clocked by virtual_io_clock)
Path Type : hold

Point                                                             Incr      Path
--------------------------------------------------------------------------------
clock virtual_io_clock (rise edge)                               0.000     0.000
clock source latency                                             0.000     0.000
input external delay                                             0.000     0.000
i_62_.inpad[0] (.input)                                          0.000     0.000
[1632].in[0] (.names)                                            0.218     0.218
[1632].out[0] (.names)                                           0.261     0.479
n_n630.in[1] (.names)                                            0.000     0.479
n_n630.out[0] (.names)                                           0.261     0.740
o_14_.in[0] (.names)                                             0.000     0.740
o_14_.out[0] (.names)                                            0.235     0.975
out:o_14_.outpad[0] (.output)                                    0.572     1.547
data arrival time                                                          1.547

clock virtual_io_clock (rise edge)                               0.000     0.000
clock source latency                                             0.000     0.000
clock uncertainty                                                0.000     0.000
output external delay                                            0.000     0.000
data required time                                                         0.000
--------------------------------------------------------------------------------
data required time                                                        -0.000
data arrival time                                                          1.547
--------------------------------------------------------------------------------
slack (MET)                                                                1.547


#Path 14
Startpoint: i_125_.inpad[0] (.input clocked by virtual_io_clock)
Endpoint  : out:o_5_.outpad[0] (.output clocked by virtual_io_clock)
Path Type : hold

Point                                                             Incr      Path
--------------------------------------------------------------------------------
clock virtual_io_clock (rise edge)                               0.000     0.000
clock source latency                                             0.000     0.000
input external delay                                             0.000     0.000
i_125_.inpad[0] (.input)                                         0.000     0.000
[1852].in[0] (.names)                                            0.306     0.306
[1852].out[0] (.names)                                           0.261     0.567
n_n406.in[2] (.names)                                            0.000     0.567
n_n406.out[0] (.names)                                           0.261     0.828
o_5_.in[0] (.names)                                              0.000     0.828
o_5_.out[0] (.names)                                             0.235     1.063
out:o_5_.outpad[0] (.output)                                     0.522     1.584
data arrival time                                                          1.584

clock virtual_io_clock (rise edge)                               0.000     0.000
clock source latency                                             0.000     0.000
clock uncertainty                                                0.000     0.000
output external delay                                            0.000     0.000
data required time                                                         0.000
--------------------------------------------------------------------------------
data required time                                                        -0.000
data arrival time                                                          1.584
--------------------------------------------------------------------------------
slack (MET)                                                                1.584


#End of timing report
