#Timing report of worst 14 path(s)
# Unit scale: 1e-09 seconds
# Output precision: 3

#Path 1
Startpoint: i_62_.inpad[0] (.input clocked by virtual_io_clock)
Endpoint  : out:o_14_.outpad[0] (.output clocked by virtual_io_clock)
Path Type : setup

Point                                                             Incr      Path
--------------------------------------------------------------------------------
clock virtual_io_clock (rise edge)                               0.000     0.000
clock source latency                                             0.000     0.000
input external delay                                             0.000     0.000
i_62_.inpad[0] (.input)                                          0.000     0.000
n_n246.in[1] (.names)                                            0.586     0.586
n_n246.out[0] (.names)                                           0.235     0.821
[1663].in[1] (.names)                                            0.331     1.152
[1663].out[0] (.names)                                           0.235     1.387
n_n630.in[5] (.names)                                            0.335     1.722
n_n630.out[0] (.names)                                           0.261     1.983
o_14_.in[0] (.names)                                             0.100     2.083
o_14_.out[0] (.names)                                            0.235     2.318
out:o_14_.outpad[0] (.output)                                    0.684     3.002
data arrival time                                                          3.002

clock virtual_io_clock (rise edge)                               0.000     0.000
clock source latency                                             0.000     0.000
clock uncertainty                                                0.000     0.000
output external delay                                            0.000     0.000
data required time                                                         0.000
--------------------------------------------------------------------------------
data required time                                                         0.000
data arrival time                                                         -3.002
--------------------------------------------------------------------------------
slack (VIOLATED)                                                          -3.002


#Path 2
Startpoint: i_101_.inpad[0] (.input clocked by virtual_io_clock)
Endpoint  : out:o_5_.outpad[0] (.output clocked by virtual_io_clock)
Path Type : setup

Point                                                             Incr      Path
--------------------------------------------------------------------------------
clock virtual_io_clock (rise edge)                               0.000     0.000
clock source latency                                             0.000     0.000
input external delay                                             0.000     0.000
i_101_.inpad[0] (.input)                                         0.000     0.000
[46].in[4] (.names)                                              0.431     0.431
[46].out[0] (.names)                                             0.235     0.666
n_n410.in[1] (.names)                                            0.388     1.054
n_n410.out[0] (.names)                                           0.261     1.315
n_n406.in[0] (.names)                                            0.388     1.703
n_n406.out[0] (.names)                                           0.261     1.964
o_5_.in[0] (.names)                                              0.100     2.064
o_5_.out[0] (.names)                                             0.235     2.299
out:o_5_.outpad[0] (.output)                                     0.587     2.886
data arrival time                                                          2.886

clock virtual_io_clock (rise edge)                               0.000     0.000
clock source latency                                             0.000     0.000
clock uncertainty                                                0.000     0.000
output external delay                                            0.000     0.000
data required time                                                         0.000
--------------------------------------------------------------------------------
data required time                                                         0.000
data arrival time                                                         -2.886
--------------------------------------------------------------------------------
slack (VIOLATED)                                                          -2.886


#Path 3
Startpoint: i_48_.inpad[0] (.input clocked by virtual_io_clock)
Endpoint  : out:o_8_.outpad[0] (.output clocked by virtual_io_clock)
Path Type : setup

Point                                                             Incr      Path
--------------------------------------------------------------------------------
clock virtual_io_clock (rise edge)                               0.000     0.000
clock source latency                                             0.000     0.000
input external delay                                             0.000     0.000
i_48_.inpad[0] (.input)                                          0.000     0.000
[330].in[4] (.names)                                             0.430     0.430
[330].out[0] (.names)                                            0.235     0.665
[220].in[0] (.names)                                             0.306     0.971
[220].out[0] (.names)                                            0.261     1.232
[1822].in[0] (.names)                                            0.409     1.641
[1822].out[0] (.names)                                           0.261     1.902
o_8_.in[3] (.names)                                              0.386     2.289
o_8_.out[0] (.names)                                             0.235     2.524
out:o_8_.outpad[0] (.output)                                     0.299     2.823
data arrival time                                                          2.823

clock virtual_io_clock (rise edge)                               0.000     0.000
clock source latency                                             0.000     0.000
clock uncertainty                                                0.000     0.000
output external delay                                            0.000     0.000
data required time                                                         0.000
--------------------------------------------------------------------------------
data required time                                                         0.000
data arrival time                                                         -2.823
--------------------------------------------------------------------------------
slack (VIOLATED)                                                          -2.823


#Path 4
Startpoint: i_13_.inpad[0] (.input clocked by virtual_io_clock)
Endpoint  : out:o_13_.outpad[0] (.output clocked by virtual_io_clock)
Path Type : setup

Point                                                             Incr      Path
--------------------------------------------------------------------------------
clock virtual_io_clock (rise edge)                               0.000     0.000
clock source latency                                             0.000     0.000
input external delay                                             0.000     0.000
i_13_.inpad[0] (.input)                                          0.000     0.000
[1708].in[2] (.names)                                            0.575     0.575
[1708].out[0] (.names)                                           0.261     0.836
[1714].in[5] (.names)                                            0.310     1.145
[1714].out[0] (.names)                                           0.261     1.406
[1720].in[5] (.names)                                            0.100     1.506
[1720].out[0] (.names)                                           0.261     1.767
o_13_.in[2] (.names)                                             0.100     1.867
o_13_.out[0] (.names)                                            0.261     2.128
out:o_13_.outpad[0] (.output)                                    0.568     2.697
data arrival time                                                          2.697

clock virtual_io_clock (rise edge)                               0.000     0.000
clock source latency                                             0.000     0.000
clock uncertainty                                                0.000     0.000
output external delay                                            0.000     0.000
data required time                                                         0.000
--------------------------------------------------------------------------------
data required time                                                         0.000
data arrival time                                                         -2.697
--------------------------------------------------------------------------------
slack (VIOLATED)                                                          -2.697


#Path 5
Startpoint: i_22_.inpad[0] (.input clocked by virtual_io_clock)
Endpoint  : out:o_6_.outpad[0] (.output clocked by virtual_io_clock)
Path Type : setup

Point                                                             Incr      Path
--------------------------------------------------------------------------------
clock virtual_io_clock (rise edge)                               0.000     0.000
clock source latency                                             0.000     0.000
input external delay                                             0.000     0.000
i_22_.inpad[0] (.input)                                          0.000     0.000
[1934].in[1] (.names)                                            0.567     0.567
[1934].out[0] (.names)                                           0.235     0.802
[1945].in[3] (.names)                                            0.453     1.255
[1945].out[0] (.names)                                           0.235     1.490
[1947].in[4] (.names)                                            0.100     1.590
[1947].out[0] (.names)                                           0.235     1.825
o_6_.in[4] (.names)                                              0.312     2.137
o_6_.out[0] (.names)                                             0.235     2.372
out:o_6_.outpad[0] (.output)                                     0.322     2.694
data arrival time                                                          2.694

clock virtual_io_clock (rise edge)                               0.000     0.000
clock source latency                                             0.000     0.000
clock uncertainty                                                0.000     0.000
output external delay                                            0.000     0.000
data required time                                                         0.000
--------------------------------------------------------------------------------
data required time                                                         0.000
data arrival time                                                         -2.694
--------------------------------------------------------------------------------
slack (VIOLATED)                                                          -2.694


#Path 6
Startpoint: i_34_.inpad[0] (.input clocked by virtual_io_clock)
Endpoint  : out:o_10_.outpad[0] (.output clocked by virtual_io_clock)
Path Type : setup

Point                                                             Incr      Path
--------------------------------------------------------------------------------
clock virtual_io_clock (rise edge)                               0.000     0.000
clock source latency                                             0.000     0.000
input external delay                                             0.000     0.000
i_34_.inpad[0] (.input)                                          0.000     0.000
[58].in[3] (.names)                                              0.501     0.501
[58].out[0] (.names)                                             0.235     0.736
[1764].in[0] (.names)                                            0.100     0.836
[1764].out[0] (.names)                                           0.235     1.071
o_10_.in[3] (.names)                                             0.100     1.171
o_10_.out[0] (.names)                                            0.235     1.406
out:o_10_.outpad[0] (.output)                                    0.608     2.014
data arrival time                                                          2.014

clock virtual_io_clock (rise edge)                               0.000     0.000
clock source latency                                             0.000     0.000
clock uncertainty                                                0.000     0.000
output external delay                                            0.000     0.000
data required time                                                         0.000
--------------------------------------------------------------------------------
data required time                                                         0.000
data arrival time                                                         -2.014
--------------------------------------------------------------------------------
slack (VIOLATED)                                                          -2.014


#Path 7
Startpoint: i_50_.inpad[0] (.input clocked by virtual_io_clock)
Endpoint  : out:o_2_.outpad[0] (.output clocked by virtual_io_clock)
Path Type : setup

Point                                                             Incr      Path
--------------------------------------------------------------------------------
clock virtual_io_clock (rise edge)                               0.000     0.000
clock source latency                                             0.000     0.000
input external delay                                             0.000     0.000
i_50_.inpad[0] (.input)                                          0.000     0.000
[59].in[0] (.names)                                              0.354     0.354
[59].out[0] (.names)                                             0.235     0.589
[1573].in[0] (.names)                                            0.332     0.922
[1573].out[0] (.names)                                           0.235     1.157
o_2_.in[3] (.names)                                              0.100     1.257
o_2_.out[0] (.names)                                             0.235     1.492
out:o_2_.outpad[0] (.output)                                     0.255     1.746
data arrival time                                                          1.746

clock virtual_io_clock (rise edge)                               0.000     0.000
clock source latency                                             0.000     0.000
clock uncertainty                                                0.000     0.000
output external delay                                            0.000     0.000
data required time                                                         0.000
--------------------------------------------------------------------------------
data required time                                                         0.000
data arrival time                                                         -1.746
--------------------------------------------------------------------------------
slack (VIOLATED)                                                          -1.746


#Path 8
Startpoint: i_48_.inpad[0] (.input clocked by virtual_io_clock)
Endpoint  : out:o_0_.outpad[0] (.output clocked by virtual_io_clock)
Path Type : setup

Point                                                             Incr      Path
--------------------------------------------------------------------------------
clock virtual_io_clock (rise edge)                               0.000     0.000
clock source latency                                             0.000     0.000
input external delay                                             0.000     0.000
i_48_.inpad[0] (.input)                                          0.000     0.000
[330].in[4] (.names)                                             0.430     0.430
[330].out[0] (.names)                                            0.235     0.665
o_0_.in[0] (.names)                                              0.306     0.971
o_0_.out[0] (.names)                                             0.235     1.206
out:o_0_.outpad[0] (.output)                                     0.427     1.634
data arrival time                                                          1.634

clock virtual_io_clock (rise edge)                               0.000     0.000
clock source latency                                             0.000     0.000
clock uncertainty                                                0.000     0.000
output external delay                                            0.000     0.000
data required time                                                         0.000
--------------------------------------------------------------------------------
data required time                                                         0.000
data arrival time                                                         -1.634
--------------------------------------------------------------------------------
slack (VIOLATED)                                                          -1.634


#Path 9
Startpoint: i_81_.inpad[0] (.input clocked by virtual_io_clock)
Endpoint  : out:o_1_.outpad[0] (.output clocked by virtual_io_clock)
Path Type : setup

Point                                                             Incr      Path
--------------------------------------------------------------------------------
clock virtual_io_clock (rise edge)                               0.000     0.000
clock source latency                                             0.000     0.000
input external delay                                             0.000     0.000
i_81_.inpad[0] (.input)                                          0.000     0.000
[1545].in[0] (.names)                                            0.307     0.307
[1545].out[0] (.names)                                           0.235     0.542
o_1_.in[3] (.names)                                              0.100     0.642
o_1_.out[0] (.names)                                             0.235     0.877
out:o_1_.outpad[0] (.output)                                     0.561     1.437
data arrival time                                                          1.437

clock virtual_io_clock (rise edge)                               0.000     0.000
clock source latency                                             0.000     0.000
clock uncertainty                                                0.000     0.000
output external delay                                            0.000     0.000
data required time                                                         0.000
--------------------------------------------------------------------------------
data required time                                                         0.000
data arrival time                                                         -1.437
--------------------------------------------------------------------------------
slack (VIOLATED)                                                          -1.437


#Path 10
Startpoint: i_76_.inpad[0] (.input clocked by virtual_io_clock)
Endpoint  : out:o_4_.outpad[0] (.output clocked by virtual_io_clock)
Path Type : setup

Point                                                             Incr      Path
--------------------------------------------------------------------------------
clock virtual_io_clock (rise edge)                               0.000     0.000
clock source latency                                             0.000     0.000
input external delay                                             0.000     0.000
i_76_.inpad[0] (.input)                                          0.000     0.000
[37].in[0] (.names)                                              0.353     0.353
[37].out[0] (.names)                                             0.235     0.588
o_4_.in[1] (.names)                                              0.100     0.688
o_4_.out[0] (.names)                                             0.235     0.923
out:o_4_.outpad[0] (.output)                                     0.474     1.397
data arrival time                                                          1.397

clock virtual_io_clock (rise edge)                               0.000     0.000
clock source latency                                             0.000     0.000
clock uncertainty                                                0.000     0.000
output external delay                                            0.000     0.000
data required time                                                         0.000
--------------------------------------------------------------------------------
data required time                                                         0.000
data arrival time                                                         -1.397
--------------------------------------------------------------------------------
slack (VIOLATED)                                                          -1.397


#Path 11
Startpoint: i_83_.inpad[0] (.input clocked by virtual_io_clock)
Endpoint  : out:o_3_.outpad[0] (.output clocked by virtual_io_clock)
Path Type : setup

Point                                                             Incr      Path
--------------------------------------------------------------------------------
clock virtual_io_clock (rise edge)                               0.000     0.000
clock source latency                                             0.000     0.000
input external delay                                             0.000     0.000
i_83_.inpad[0] (.input)                                          0.000     0.000
[76].in[1] (.names)                                              0.355     0.355
[76].out[0] (.names)                                             0.235     0.590
o_3_.in[1] (.names)                                              0.100     0.690
o_3_.out[0] (.names)                                             0.235     0.925
out:o_3_.outpad[0] (.output)                                     0.452     1.377
data arrival time                                                          1.377

clock virtual_io_clock (rise edge)                               0.000     0.000
clock source latency                                             0.000     0.000
clock uncertainty                                                0.000     0.000
output external delay                                            0.000     0.000
data required time                                                         0.000
--------------------------------------------------------------------------------
data required time                                                         0.000
data arrival time                                                         -1.377
--------------------------------------------------------------------------------
slack (VIOLATED)                                                          -1.377


#Path 12
Startpoint: i_83_.inpad[0] (.input clocked by virtual_io_clock)
Endpoint  : out:o_11_.outpad[0] (.output clocked by virtual_io_clock)
Path Type : setup

Point                                                             Incr      Path
--------------------------------------------------------------------------------
clock virtual_io_clock (rise edge)                               0.000     0.000
clock source latency                                             0.000     0.000
input external delay                                             0.000     0.000
i_83_.inpad[0] (.input)                                          0.000     0.000
[319].in[1] (.names)                                             0.355     0.355
[319].out[0] (.names)                                            0.235     0.590
o_11_.in[1] (.names)                                             0.100     0.690
o_11_.out[0] (.names)                                            0.235     0.925
out:o_11_.outpad[0] (.output)                                    0.448     1.373
data arrival time                                                          1.373

clock virtual_io_clock (rise edge)                               0.000     0.000
clock source latency                                             0.000     0.000
clock uncertainty                                                0.000     0.000
output external delay                                            0.000     0.000
data required time                                                         0.000
--------------------------------------------------------------------------------
data required time                                                         0.000
data arrival time                                                         -1.373
--------------------------------------------------------------------------------
slack (VIOLATED)                                                          -1.373


#Path 13
Startpoint: i_76_.inpad[0] (.input clocked by virtual_io_clock)
Endpoint  : out:o_12_.outpad[0] (.output clocked by virtual_io_clock)
Path Type : setup

Point                                                             Incr      Path
--------------------------------------------------------------------------------
clock virtual_io_clock (rise edge)                               0.000     0.000
clock source latency                                             0.000     0.000
input external delay                                             0.000     0.000
i_76_.inpad[0] (.input)                                          0.000     0.000
[325].in[0] (.names)                                             0.353     0.353
[325].out[0] (.names)                                            0.235     0.588
o_12_.in[1] (.names)                                             0.100     0.688
o_12_.out[0] (.names)                                            0.235     0.923
out:o_12_.outpad[0] (.output)                                    0.447     1.370
data arrival time                                                          1.370

clock virtual_io_clock (rise edge)                               0.000     0.000
clock source latency                                             0.000     0.000
clock uncertainty                                                0.000     0.000
output external delay                                            0.000     0.000
data required time                                                         0.000
--------------------------------------------------------------------------------
data required time                                                         0.000
data arrival time                                                         -1.370
--------------------------------------------------------------------------------
slack (VIOLATED)                                                          -1.370


#Path 14
Startpoint: i_81_.inpad[0] (.input clocked by virtual_io_clock)
Endpoint  : out:o_9_.outpad[0] (.output clocked by virtual_io_clock)
Path Type : setup

Point                                                             Incr      Path
--------------------------------------------------------------------------------
clock virtual_io_clock (rise edge)                               0.000     0.000
clock source latency                                             0.000     0.000
input external delay                                             0.000     0.000
i_81_.inpad[0] (.input)                                          0.000     0.000
[237].in[1] (.names)                                             0.307     0.307
[237].out[0] (.names)                                            0.261     0.568
o_9_.in[1] (.names)                                              0.100     0.668
o_9_.out[0] (.names)                                             0.235     0.903
out:o_9_.outpad[0] (.output)                                     0.407     1.309
data arrival time                                                          1.309

clock virtual_io_clock (rise edge)                               0.000     0.000
clock source latency                                             0.000     0.000
clock uncertainty                                                0.000     0.000
output external delay                                            0.000     0.000
data required time                                                         0.000
--------------------------------------------------------------------------------
data required time                                                         0.000
data arrival time                                                         -1.309
--------------------------------------------------------------------------------
slack (VIOLATED)                                                          -1.309


#End of timing report
