#Timing report of worst 8 path(s)
# Unit scale: 1e-09 seconds
# Output precision: 3

#Path 1
Startpoint: i_11_.inpad[0] (.input clocked by virtual_io_clock)
Endpoint  : out:o_3_.outpad[0] (.output clocked by virtual_io_clock)
Path Type : hold

Point                                                             Incr      Path
--------------------------------------------------------------------------------
clock virtual_io_clock (rise edge)                               0.000     0.000
clock source latency                                             0.000     0.000
input external delay                                             0.000     0.000
i_11_.inpad[0] (.input)                                          0.000     0.000
n_n910.in[0] (.names)                                            0.439     0.439
n_n910.out[0] (.names)                                           0.261     0.700
o_3_.in[0] (.names)                                              0.000     0.700
o_3_.out[0] (.names)                                             0.261     0.961
out:o_3_.outpad[0] (.output)                                     0.449     1.411
data arrival time                                                          1.411

clock virtual_io_clock (rise edge)                               0.000     0.000
clock source latency                                             0.000     0.000
clock uncertainty                                                0.000     0.000
output external delay                                            0.000     0.000
data required time                                                         0.000
--------------------------------------------------------------------------------
data required time                                                        -0.000
data arrival time                                                          1.411
--------------------------------------------------------------------------------
slack (MET)                                                                1.411


#Path 2
Startpoint: i_4_.inpad[0] (.input clocked by virtual_io_clock)
Endpoint  : out:o_1_.outpad[0] (.output clocked by virtual_io_clock)
Path Type : hold

Point                                                             Incr      Path
--------------------------------------------------------------------------------
clock virtual_io_clock (rise edge)                               0.000     0.000
clock source latency                                             0.000     0.000
input external delay                                             0.000     0.000
i_4_.inpad[0] (.input)                                           0.000     0.000
o_1_.in[0] (.names)                                              0.692     0.692
o_1_.out[0] (.names)                                             0.261     0.953
out:o_1_.outpad[0] (.output)                                     0.647     1.600
data arrival time                                                          1.600

clock virtual_io_clock (rise edge)                               0.000     0.000
clock source latency                                             0.000     0.000
clock uncertainty                                                0.000     0.000
output external delay                                            0.000     0.000
data required time                                                         0.000
--------------------------------------------------------------------------------
data required time                                                        -0.000
data arrival time                                                          1.600
--------------------------------------------------------------------------------
slack (MET)                                                                1.600


#Path 3
Startpoint: i_1_.inpad[0] (.input clocked by virtual_io_clock)
Endpoint  : out:o_0_.outpad[0] (.output clocked by virtual_io_clock)
Path Type : hold

Point                                                             Incr      Path
--------------------------------------------------------------------------------
clock virtual_io_clock (rise edge)                               0.000     0.000
clock source latency                                             0.000     0.000
input external delay                                             0.000     0.000
i_1_.inpad[0] (.input)                                           0.000     0.000
[6534].in[4] (.names)                                            0.721     0.721
[6534].out[0] (.names)                                           0.261     0.982
o_0_.in[4] (.names)                                              0.000     0.982
o_0_.out[0] (.names)                                             0.261     1.243
out:o_0_.outpad[0] (.output)                                     0.554     1.798
data arrival time                                                          1.798

clock virtual_io_clock (rise edge)                               0.000     0.000
clock source latency                                             0.000     0.000
clock uncertainty                                                0.000     0.000
output external delay                                            0.000     0.000
data required time                                                         0.000
--------------------------------------------------------------------------------
data required time                                                        -0.000
data arrival time                                                          1.798
--------------------------------------------------------------------------------
slack (MET)                                                                1.798


#Path 4
Startpoint: i_12_.inpad[0] (.input clocked by virtual_io_clock)
Endpoint  : out:o_5_.outpad[0] (.output clocked by virtual_io_clock)
Path Type : hold

Point                                                             Incr      Path
--------------------------------------------------------------------------------
clock virtual_io_clock (rise edge)                               0.000     0.000
clock source latency                                             0.000     0.000
input external delay                                             0.000     0.000
i_12_.inpad[0] (.input)                                          0.000     0.000
[1317].in[2] (.names)                                            0.597     0.597
[1317].out[0] (.names)                                           0.235     0.832
o_5_.in[0] (.names)                                              0.218     1.050
o_5_.out[0] (.names)                                             0.261     1.311
out:o_5_.outpad[0] (.output)                                     0.506     1.816
data arrival time                                                          1.816

clock virtual_io_clock (rise edge)                               0.000     0.000
clock source latency                                             0.000     0.000
clock uncertainty                                                0.000     0.000
output external delay                                            0.000     0.000
data required time                                                         0.000
--------------------------------------------------------------------------------
data required time                                                        -0.000
data arrival time                                                          1.816
--------------------------------------------------------------------------------
slack (MET)                                                                1.816


#Path 5
Startpoint: i_2_.inpad[0] (.input clocked by virtual_io_clock)
Endpoint  : out:o_6_.outpad[0] (.output clocked by virtual_io_clock)
Path Type : hold

Point                                                             Incr      Path
--------------------------------------------------------------------------------
clock virtual_io_clock (rise edge)                               0.000     0.000
clock source latency                                             0.000     0.000
input external delay                                             0.000     0.000
i_2_.inpad[0] (.input)                                           0.000     0.000
n_n1185.in[0] (.names)                                           0.659     0.659
n_n1185.out[0] (.names)                                          0.261     0.920
o_6_.in[2] (.names)                                              0.000     0.920
o_6_.out[0] (.names)                                             0.235     1.155
out:o_6_.outpad[0] (.output)                                     0.766     1.921
data arrival time                                                          1.921

clock virtual_io_clock (rise edge)                               0.000     0.000
clock source latency                                             0.000     0.000
clock uncertainty                                                0.000     0.000
output external delay                                            0.000     0.000
data required time                                                         0.000
--------------------------------------------------------------------------------
data required time                                                        -0.000
data arrival time                                                          1.921
--------------------------------------------------------------------------------
slack (MET)                                                                1.921


#Path 6
Startpoint: i_13_.inpad[0] (.input clocked by virtual_io_clock)
Endpoint  : out:o_7_.outpad[0] (.output clocked by virtual_io_clock)
Path Type : hold

Point                                                             Incr      Path
--------------------------------------------------------------------------------
clock virtual_io_clock (rise edge)                               0.000     0.000
clock source latency                                             0.000     0.000
input external delay                                             0.000     0.000
i_13_.inpad[0] (.input)                                          0.000     0.000
[1402].in[0] (.names)                                            0.641     0.641
[1402].out[0] (.names)                                           0.261     0.902
[6826].in[3] (.names)                                            0.000     0.902
[6826].out[0] (.names)                                           0.261     1.163
o_7_.in[1] (.names)                                              0.000     1.163
o_7_.out[0] (.names)                                             0.235     1.398
out:o_7_.outpad[0] (.output)                                     0.593     1.991
data arrival time                                                          1.991

clock virtual_io_clock (rise edge)                               0.000     0.000
clock source latency                                             0.000     0.000
clock uncertainty                                                0.000     0.000
output external delay                                            0.000     0.000
data required time                                                         0.000
--------------------------------------------------------------------------------
data required time                                                        -0.000
data arrival time                                                          1.991
--------------------------------------------------------------------------------
slack (MET)                                                                1.991


#Path 7
Startpoint: i_6_.inpad[0] (.input clocked by virtual_io_clock)
Endpoint  : out:o_2_.outpad[0] (.output clocked by virtual_io_clock)
Path Type : hold

Point                                                             Incr      Path
--------------------------------------------------------------------------------
clock virtual_io_clock (rise edge)                               0.000     0.000
clock source latency                                             0.000     0.000
input external delay                                             0.000     0.000
i_6_.inpad[0] (.input)                                           0.000     0.000
[1823].in[0] (.names)                                            0.577     0.577
[1823].out[0] (.names)                                           0.235     0.812
[6530].in[0] (.names)                                            0.000     0.812
[6530].out[0] (.names)                                           0.261     1.073
o_2_.in[0] (.names)                                              0.217     1.290
o_2_.out[0] (.names)                                             0.235     1.525
out:o_2_.outpad[0] (.output)                                     0.510     2.035
data arrival time                                                          2.035

clock virtual_io_clock (rise edge)                               0.000     0.000
clock source latency                                             0.000     0.000
clock uncertainty                                                0.000     0.000
output external delay                                            0.000     0.000
data required time                                                         0.000
--------------------------------------------------------------------------------
data required time                                                        -0.000
data arrival time                                                          2.035
--------------------------------------------------------------------------------
slack (MET)                                                                2.035


#Path 8
Startpoint: i_5_.inpad[0] (.input clocked by virtual_io_clock)
Endpoint  : out:o_4_.outpad[0] (.output clocked by virtual_io_clock)
Path Type : hold

Point                                                             Incr      Path
--------------------------------------------------------------------------------
clock virtual_io_clock (rise edge)                               0.000     0.000
clock source latency                                             0.000     0.000
input external delay                                             0.000     0.000
i_5_.inpad[0] (.input)                                           0.000     0.000
n_n977.in[0] (.names)                                            0.746     0.746
n_n977.out[0] (.names)                                           0.235     0.981
[7337].in[1] (.names)                                            0.000     0.981
[7337].out[0] (.names)                                           0.235     1.216
o_4_.in[3] (.names)                                              0.000     1.216
o_4_.out[0] (.names)                                             0.235     1.451
out:o_4_.outpad[0] (.output)                                     0.729     2.180
data arrival time                                                          2.180

clock virtual_io_clock (rise edge)                               0.000     0.000
clock source latency                                             0.000     0.000
clock uncertainty                                                0.000     0.000
output external delay                                            0.000     0.000
data required time                                                         0.000
--------------------------------------------------------------------------------
data required time                                                        -0.000
data arrival time                                                          2.180
--------------------------------------------------------------------------------
slack (MET)                                                                2.180


#End of timing report
