#Packing pin usage report
Type: io
	Input Pin Usage:
		Max: 1.00 (0.50)
		Avg: 0.25 (0.12)
		Min: 0.00 (0.00)
		Histogram:
		[        0:      0.2) 84 ( 75.0%) |************************************************
		[      0.2:      0.4)  0 (  0.0%) |
		[      0.4:      0.6)  0 (  0.0%) |
		[      0.6:      0.8)  0 (  0.0%) |
		[      0.8:        1) 28 ( 25.0%) |****************
		[        1:      1.2)  0 (  0.0%) |
		[      1.2:      1.4)  0 (  0.0%) |
		[      1.4:      1.6)  0 (  0.0%) |
		[      1.6:      1.8)  0 (  0.0%) |
		[      1.8:        2)  0 (  0.0%) |
	Output Pin Usage:
		Max: 1.00 (1.00)
		Avg: 0.75 (0.75)
		Min: 0.00 (0.00)
		Histogram:
		[        0:      0.1) 28 ( 25.0%) |****************
		[      0.1:      0.2)  0 (  0.0%) |
		[      0.2:      0.3)  0 (  0.0%) |
		[      0.3:      0.4)  0 (  0.0%) |
		[      0.4:      0.5)  0 (  0.0%) |
		[      0.5:      0.6)  0 (  0.0%) |
		[      0.6:      0.7)  0 (  0.0%) |
		[      0.7:      0.8)  0 (  0.0%) |
		[      0.8:      0.9)  0 (  0.0%) |
		[      0.9:        1) 84 ( 75.0%) |************************************************

Type: clb
	Input Pin Usage:
		Max: 25.00 (0.61)
		Avg: 15.46 (0.38)
		Min: 0.00 (0.00)
		Histogram:
		[        0:      4.1) 1 (  4.2%) |******
		[      4.1:      8.2) 1 (  4.2%) |******
		[      8.2:       12) 5 ( 20.8%) |*******************************
		[       12:       16) 5 ( 20.8%) |*******************************
		[       16:       20) 8 ( 33.3%) |*************************************************
		[       20:       25) 3 ( 12.5%) |******************
		[       25:       29) 1 (  4.2%) |******
		[       29:       33) 0 (  0.0%) |
		[       33:       37) 0 (  0.0%) |
		[       37:       41) 0 (  0.0%) |
	Output Pin Usage:
		Max: 9.00 (0.45)
		Avg: 4.17 (0.21)
		Min: 1.00 (0.05)
		Histogram:
		[        0:        2) 8 ( 33.3%) |*************************************************
		[        2:        4) 6 ( 25.0%) |*************************************
		[        4:        6) 4 ( 16.7%) |*************************
		[        6:        8) 5 ( 20.8%) |*******************************
		[        8:       10) 1 (  4.2%) |******
		[       10:       12) 0 (  0.0%) |
		[       12:       14) 0 (  0.0%) |
		[       14:       16) 0 (  0.0%) |
		[       16:       18) 0 (  0.0%) |
		[       18:       20) 0 (  0.0%) |

