#Packing pin usage report
Type: io
	Input Pin Usage:
		Max: 1.00 (0.50)
		Avg: 0.36 (0.18)
		Min: 0.00 (0.00)
		Histogram:
		[        0:      0.2) 14 ( 63.6%) |************************************************
		[      0.2:      0.4)  0 (  0.0%) |
		[      0.4:      0.6)  0 (  0.0%) |
		[      0.6:      0.8)  0 (  0.0%) |
		[      0.8:        1)  8 ( 36.4%) |***************************
		[        1:      1.2)  0 (  0.0%) |
		[      1.2:      1.4)  0 (  0.0%) |
		[      1.4:      1.6)  0 (  0.0%) |
		[      1.6:      1.8)  0 (  0.0%) |
		[      1.8:        2)  0 (  0.0%) |
	Output Pin Usage:
		Max: 1.00 (1.00)
		Avg: 0.64 (0.64)
		Min: 0.00 (0.00)
		Histogram:
		[        0:      0.1)  8 ( 36.4%) |***************************
		[      0.1:      0.2)  0 (  0.0%) |
		[      0.2:      0.3)  0 (  0.0%) |
		[      0.3:      0.4)  0 (  0.0%) |
		[      0.4:      0.5)  0 (  0.0%) |
		[      0.5:      0.6)  0 (  0.0%) |
		[      0.6:      0.7)  0 (  0.0%) |
		[      0.7:      0.8)  0 (  0.0%) |
		[      0.8:      0.9)  0 (  0.0%) |
		[      0.9:        1) 14 ( 63.6%) |************************************************

Type: clb
	Input Pin Usage:
		Max: 32.00 (0.78)
		Avg: 18.10 (0.44)
		Min: 4.00 (0.10)
		Histogram:
		[        0:      4.1)  1 (  0.9%) |**
		[      4.1:      8.2)  2 (  1.9%) |***
		[      8.2:       12) 14 ( 13.1%) |***********************
		[       12:       16) 29 ( 27.1%) |************************************************
		[       16:       20) 28 ( 26.2%) |**********************************************
		[       20:       25) 20 ( 18.7%) |*********************************
		[       25:       29)  6 (  5.6%) |**********
		[       29:       33)  7 (  6.5%) |************
		[       33:       37)  0 (  0.0%) |
		[       37:       41)  0 (  0.0%) |
	Output Pin Usage:
		Max: 12.00 (0.60)
		Avg: 5.04 (0.25)
		Min: 1.00 (0.05)
		Histogram:
		[        0:        2) 15 ( 14.0%) |*********************
		[        2:        4) 34 ( 31.8%) |************************************************
		[        4:        6) 33 ( 30.8%) |***********************************************
		[        6:        8) 15 ( 14.0%) |*********************
		[        8:       10)  9 (  8.4%) |*************
		[       10:       12)  1 (  0.9%) |*
		[       12:       14)  0 (  0.0%) |
		[       14:       16)  0 (  0.0%) |
		[       16:       18)  0 (  0.0%) |
		[       18:       20)  0 (  0.0%) |

